<?xml version="1.0" encoding="UTF-8" ?>
<testsuite failures="0" time="2.207" errors="0" skipped="0" tests="1" name="org.arquillian.tutorial.GreeterTest">
  <properties>
    <property name="idea.version" value="2017.2.2"/>
    <property name="java.runtime.name" value="Java(TM) SE Runtime Environment"/>
    <property name="sun.boot.library.path" value="D:\jdk1.7.0_60\jre\bin"/>
    <property name="java.vm.version" value="24.60-b09"/>
    <property name="java.vm.vendor" value="Oracle Corporation"/>
    <property name="maven.multiModuleProjectDirectory" value="D:\svn\arquillian-tutorial"/>
    <property name="java.vendor.url" value="http://java.oracle.com/"/>
    <property name="path.separator" value=";"/>
    <property name="guice.disable.misplaced.annotation.check" value="true"/>
    <property name="java.vm.name" value="Java HotSpot(TM) Client VM"/>
    <property name="file.encoding.pkg" value="sun.io"/>
    <property name="idea.launcher.port" value="56745"/>
    <property name="user.script" value=""/>
    <property name="user.country" value="CN"/>
    <property name="sun.java.launcher" value="SUN_STANDARD"/>
    <property name="sun.os.patch.level" value=""/>
    <property name="java.vm.specification.name" value="Java Virtual Machine Specification"/>
    <property name="user.dir" value="D:\svn\arquillian-tutorial"/>
    <property name="java.runtime.version" value="1.7.0_60-b19"/>
    <property name="java.awt.graphicsenv" value="sun.awt.Win32GraphicsEnvironment"/>
    <property name="java.endorsed.dirs" value="D:\jdk1.7.0_60\jre\lib\endorsed"/>
    <property name="os.arch" value="x86"/>
    <property name="java.io.tmpdir" value="C:\Users\HUANGF~1\AppData\Local\Temp\"/>
    <property name="line.separator" value="
"/>
    <property name="java.vm.specification.vendor" value="Oracle Corporation"/>
    <property name="user.variant" value=""/>
    <property name="os.name" value="Windows 8.1"/>
    <property name="classworlds.conf" value="E:\apache-maven-3.3.1\bin\m2.conf"/>
    <property name="sun.jnu.encoding" value="GBK"/>
    <property name="java.library.path" value="D:\jdk1.7.0_60\bin;C:\WINDOWS\Sun\Java\bin;C:\WINDOWS\system32;C:\WINDOWS;D:\jdk1.7.0_60/bin;C:\Windows\system32;C:\Windows;C:\Windows\System32\Wbem;C:\Windows\System32\WindowsPowerShell\v1.0\;C:\Program Files\Windows7Master;C:\Program Files\Common Files\Thunder Network\KanKan\Codecs;C:\Program Files\Intel\OpenCL SDK\2.0\bin\x86;C:\Program Files\Intel\Services\IPT\;C:\SWTOOLS\ReadyApps;C:\WINDOWS\system32;C:\WINDOWS;C:\WINDOWS\System32\Wbem;C:\WINDOWS\System32\WindowsPowerShell\v1.0\;E:\apache-ant-1.8.3/bin;E:\apache-maven-3.3.1/bin;C:\go\bin;E:\gradle-3.0\bin;F:\TongLB2.0.1.6\lib;F:\TongLB2.0.1.6\bin;D:\groovy-2.4.7\bin;F:\Redis;F:\mysql-5.7.16-win32\bin;d:\Git\cmd;C:\ProgramData\Oracle\Java\javapath;G:\Go\bin;D:\TortoiseSVN\bin;C:\Users\huangfeng\AppData\Local\Microsoft\WindowsApps;;F:\TongLB2.0.1.6\bin;F:\TongLB2.0.1.6\lib;F:\TongLB2.0.1.6\bin;F:\TongLB2.0.1.6\lib;F:\TongLB2.0.1.6\bin;F:\TongLB2.0.1.6\lib;d:\Fiddler;."/>
    <property name="java.specification.name" value="Java Platform API Specification"/>
    <property name="java.class.version" value="51.0"/>
    <property name="sun.management.compiler" value="HotSpot Client Compiler"/>
    <property name="os.version" value="6.3"/>
    <property name="user.home" value="C:\Users\huangfeng"/>
    <property name="user.timezone" value="Asia/Shanghai"/>
    <property name="java.awt.printerjob" value="sun.awt.windows.WPrinterJob"/>
    <property name="java.specification.version" value="1.7"/>
    <property name="idea.launcher.bin.path" value="D:\IntelliJIDEA\bin"/>
    <property name="file.encoding" value="UTF-8"/>
    <property name="user.name" value="huangfeng"/>
    <property name="java.class.path" value="E:\apache-maven-3.3.1\boot\plexus-classworlds-2.5.2.jar;D:\IntelliJIDEA\lib\idea_rt.jar"/>
    <property name="java.vm.specification.version" value="1.7"/>
    <property name="sun.arch.data.model" value="32"/>
    <property name="java.home" value="D:\jdk1.7.0_60\jre"/>
    <property name="sun.java.command" value="com.intellij.rt.execution.application.AppMainV2 org.codehaus.classworlds.Launcher -Didea.version=2017.2.2 -s E:\apache-maven-3.3.1\conf\settings.xml test -P arquillian-glassfish-embedded"/>
    <property name="java.specification.vendor" value="Oracle Corporation"/>
    <property name="user.language" value="zh"/>
    <property name="awt.toolkit" value="sun.awt.windows.WToolkit"/>
    <property name="java.vm.info" value="mixed mode"/>
    <property name="java.version" value="1.7.0_60"/>
    <property name="java.ext.dirs" value="D:\jdk1.7.0_60\jre\lib\ext;C:\WINDOWS\Sun\Java\lib\ext"/>
    <property name="sun.boot.class.path" value="D:\jdk1.7.0_60\jre\lib\resources.jar;D:\jdk1.7.0_60\jre\lib\rt.jar;D:\jdk1.7.0_60\jre\lib\sunrsasign.jar;D:\jdk1.7.0_60\jre\lib\jsse.jar;D:\jdk1.7.0_60\jre\lib\jce.jar;D:\jdk1.7.0_60\jre\lib\charsets.jar;D:\jdk1.7.0_60\jre\lib\jfr.jar;D:\jdk1.7.0_60\jre\classes"/>
    <property name="java.vendor" value="Oracle Corporation"/>
    <property name="maven.home" value="E:\apache-maven-3.3.1"/>
    <property name="file.separator" value="\"/>
    <property name="java.vendor.url.bug" value="http://bugreport.sun.com/bugreport/"/>
    <property name="sun.cpu.endian" value="little"/>
    <property name="sun.io.unicode.encoding" value="UnicodeLittle"/>
    <property name="sun.desktop" value="windows"/>
    <property name="sun.cpu.isalist" value="pentium_pro+mmx pentium_pro pentium+mmx pentium i486 i386 i86"/>
  </properties>
  <testcase time="2.207" classname="org.arquillian.tutorial.GreeterTest" name="should_create_greeting"/>
</testsuite>